Analysis & Synthesis report for lab3
Fri Oct 11 17:40:24 2024
Quartus Prime Version 18.1.0 Build 625 09/12/2018 SJ Lite Edition


---------------------
; Table of Contents ;
---------------------
  1. Legal Notice
  2. Analysis & Synthesis Summary
  3. Analysis & Synthesis Settings
  4. Parallel Compilation
  5. Analysis & Synthesis Source Files Read
  6. Analysis & Synthesis Resource Usage Summary
  7. Analysis & Synthesis Resource Utilization by Entity
  8. General Register Statistics
  9. Parameter Settings for User Entity Instance: lab_counter:one_meg
 10. Parameter Settings for User Entity Instance: lab_counter:one_meg|dflip:ff1
 11. Parameter Settings for User Entity Instance: lab_counter:ones
 12. Parameter Settings for User Entity Instance: lab_counter:ones|dflip:ff1
 13. Parameter Settings for User Entity Instance: lab_counter:tens
 14. Parameter Settings for User Entity Instance: lab_counter:tens|dflip:ff1
 15. Parameter Settings for User Entity Instance: lab_counter:hour
 16. Parameter Settings for User Entity Instance: lab_counter:hour|dflip:ff1
 17. Parameter Settings for User Entity Instance: lab_counter:ones_AL
 18. Parameter Settings for User Entity Instance: lab_counter:ones_AL|dflip:ff1
 19. Parameter Settings for User Entity Instance: lab_counter:tens_AL
 20. Parameter Settings for User Entity Instance: lab_counter:tens_AL|dflip:ff1
 21. Parameter Settings for User Entity Instance: lab_counter:hour_AL
 22. Parameter Settings for User Entity Instance: lab_counter:hour_AL|dflip:ff1
 23. Parameter Settings for User Entity Instance: dflip:ff2
 24. Parameter Settings for User Entity Instance: dflip:ff3
 25. Parameter Settings for User Entity Instance: dflip:ff4
 26. Parameter Settings for User Entity Instance: dflip:ff5
 27. Parameter Settings for User Entity Instance: dflip:ff1
 28. Parameter Settings for Inferred Entity Instance: lpm_divide:Mod0
 29. Parameter Settings for Inferred Entity Instance: lpm_divide:Div0
 30. Parameter Settings for Inferred Entity Instance: lpm_divide:Div1
 31. Parameter Settings for Inferred Entity Instance: lpm_divide:Mod1
 32. Port Connectivity Checks: "lab1_b:hex_thsns"
 33. Port Connectivity Checks: "lab1_b:hex_tens"
 34. Port Connectivity Checks: "dflip:ff5"
 35. Port Connectivity Checks: "dflip:ff4"
 36. Port Connectivity Checks: "dflip:ff3"
 37. Port Connectivity Checks: "dflip:ff2"
 38. Port Connectivity Checks: "lab_counter:hour_AL"
 39. Port Connectivity Checks: "lab_counter:tens_AL"
 40. Port Connectivity Checks: "lab_counter:ones_AL"
 41. Port Connectivity Checks: "lab_counter:hour|dflip:ff1"
 42. Port Connectivity Checks: "lab_counter:hour"
 43. Port Connectivity Checks: "lab_counter:tens|dflip:ff1"
 44. Port Connectivity Checks: "lab_counter:tens"
 45. Port Connectivity Checks: "lab_counter:ones|dflip:ff1"
 46. Port Connectivity Checks: "lab_counter:ones"
 47. Port Connectivity Checks: "lab_counter:one_meg|dflip:ff1"
 48. Port Connectivity Checks: "lab_counter:one_meg"
 49. Post-Synthesis Netlist Statistics for Top Partition
 50. Elapsed Time Per Partition
 51. Analysis & Synthesis Messages



----------------
; Legal Notice ;
----------------
Copyright (C) 2018  Intel Corporation. All rights reserved.
Your use of Intel Corporation's design tools, logic functions 
and other software and tools, and its AMPP partner logic 
functions, and any output files from any of the foregoing 
(including device programming or simulation files), and any 
associated documentation or information are expressly subject 
to the terms and conditions of the Intel Program License 
Subscription Agreement, the Intel Quartus Prime License Agreement,
the Intel FPGA IP License Agreement, or other applicable license
agreement, including, without limitation, that your use is for
the sole purpose of programming logic devices manufactured by
Intel and sold by Intel or its authorized distributors.  Please
refer to the applicable agreement for further details.



+-------------------------------------------------------------------------------+
; Analysis & Synthesis Summary                                                  ;
+---------------------------------+---------------------------------------------+
; Analysis & Synthesis Status     ; Successful - Fri Oct 11 17:40:23 2024       ;
; Quartus Prime Version           ; 18.1.0 Build 625 09/12/2018 SJ Lite Edition ;
; Revision Name                   ; lab3                                        ;
; Top-level Entity Name           ; lab3                                        ;
; Family                          ; Cyclone V                                   ;
; Logic utilization (in ALMs)     ; N/A                                         ;
; Total registers                 ; 56                                          ;
; Total pins                      ; 39                                          ;
; Total virtual pins              ; 0                                           ;
; Total block memory bits         ; 0                                           ;
; Total DSP Blocks                ; 0                                           ;
; Total HSSI RX PCSs              ; 0                                           ;
; Total HSSI PMA RX Deserializers ; 0                                           ;
; Total HSSI TX PCSs              ; 0                                           ;
; Total HSSI PMA TX Serializers   ; 0                                           ;
; Total PLLs                      ; 0                                           ;
; Total DLLs                      ; 0                                           ;
+---------------------------------+---------------------------------------------+


+---------------------------------------------------------------------------------------------------------------------------+
; Analysis & Synthesis Settings                                                                                             ;
+---------------------------------------------------------------------------------+--------------------+--------------------+
; Option                                                                          ; Setting            ; Default Value      ;
+---------------------------------------------------------------------------------+--------------------+--------------------+
; Device                                                                          ; 5CEBA4F23C7        ;                    ;
; Top-level entity name                                                           ; lab3               ; lab3               ;
; Family name                                                                     ; Cyclone V          ; Cyclone V          ;
; Use smart compilation                                                           ; Off                ; Off                ;
; Enable parallel Assembler and Timing Analyzer during compilation                ; On                 ; On                 ;
; Enable compact report table                                                     ; Off                ; Off                ;
; Restructure Multiplexers                                                        ; Auto               ; Auto               ;
; MLAB Add Timing Constraints For Mixed-Port Feed-Through Mode Setting Don't Care ; Off                ; Off                ;
; Create Debugging Nodes for IP Cores                                             ; Off                ; Off                ;
; Preserve fewer node names                                                       ; On                 ; On                 ;
; Intel FPGA IP Evaluation Mode                                                   ; Enable             ; Enable             ;
; Verilog Version                                                                 ; Verilog_2001       ; Verilog_2001       ;
; VHDL Version                                                                    ; VHDL_1993          ; VHDL_1993          ;
; State Machine Processing                                                        ; Auto               ; Auto               ;
; Safe State Machine                                                              ; Off                ; Off                ;
; Extract Verilog State Machines                                                  ; On                 ; On                 ;
; Extract VHDL State Machines                                                     ; On                 ; On                 ;
; Ignore Verilog initial constructs                                               ; Off                ; Off                ;
; Iteration limit for constant Verilog loops                                      ; 5000               ; 5000               ;
; Iteration limit for non-constant Verilog loops                                  ; 250                ; 250                ;
; Add Pass-Through Logic to Inferred RAMs                                         ; On                 ; On                 ;
; Infer RAMs from Raw Logic                                                       ; On                 ; On                 ;
; Parallel Synthesis                                                              ; On                 ; On                 ;
; DSP Block Balancing                                                             ; Auto               ; Auto               ;
; NOT Gate Push-Back                                                              ; On                 ; On                 ;
; Power-Up Don't Care                                                             ; On                 ; On                 ;
; Remove Redundant Logic Cells                                                    ; Off                ; Off                ;
; Remove Duplicate Registers                                                      ; On                 ; On                 ;
; Ignore CARRY Buffers                                                            ; Off                ; Off                ;
; Ignore CASCADE Buffers                                                          ; Off                ; Off                ;
; Ignore GLOBAL Buffers                                                           ; Off                ; Off                ;
; Ignore ROW GLOBAL Buffers                                                       ; Off                ; Off                ;
; Ignore LCELL Buffers                                                            ; Off                ; Off                ;
; Ignore SOFT Buffers                                                             ; On                 ; On                 ;
; Limit AHDL Integers to 32 Bits                                                  ; Off                ; Off                ;
; Optimization Technique                                                          ; Balanced           ; Balanced           ;
; Carry Chain Length                                                              ; 70                 ; 70                 ;
; Auto Carry Chains                                                               ; On                 ; On                 ;
; Auto Open-Drain Pins                                                            ; On                 ; On                 ;
; Perform WYSIWYG Primitive Resynthesis                                           ; Off                ; Off                ;
; Auto ROM Replacement                                                            ; On                 ; On                 ;
; Auto RAM Replacement                                                            ; On                 ; On                 ;
; Auto DSP Block Replacement                                                      ; On                 ; On                 ;
; Auto Shift Register Replacement                                                 ; Auto               ; Auto               ;
; Allow Shift Register Merging across Hierarchies                                 ; Auto               ; Auto               ;
; Auto Clock Enable Replacement                                                   ; On                 ; On                 ;
; Strict RAM Replacement                                                          ; Off                ; Off                ;
; Allow Synchronous Control Signals                                               ; On                 ; On                 ;
; Force Use of Synchronous Clear Signals                                          ; Off                ; Off                ;
; Auto Resource Sharing                                                           ; Off                ; Off                ;
; Allow Any RAM Size For Recognition                                              ; Off                ; Off                ;
; Allow Any ROM Size For Recognition                                              ; Off                ; Off                ;
; Allow Any Shift Register Size For Recognition                                   ; Off                ; Off                ;
; Use LogicLock Constraints during Resource Balancing                             ; On                 ; On                 ;
; Ignore translate_off and synthesis_off directives                               ; Off                ; Off                ;
; Timing-Driven Synthesis                                                         ; On                 ; On                 ;
; Report Parameter Settings                                                       ; On                 ; On                 ;
; Report Source Assignments                                                       ; On                 ; On                 ;
; Report Connectivity Checks                                                      ; On                 ; On                 ;
; Ignore Maximum Fan-Out Assignments                                              ; Off                ; Off                ;
; Synchronization Register Chain Length                                           ; 3                  ; 3                  ;
; Power Optimization During Synthesis                                             ; Normal compilation ; Normal compilation ;
; HDL message level                                                               ; Level2             ; Level2             ;
; Suppress Register Optimization Related Messages                                 ; Off                ; Off                ;
; Number of Removed Registers Reported in Synthesis Report                        ; 5000               ; 5000               ;
; Number of Swept Nodes Reported in Synthesis Report                              ; 5000               ; 5000               ;
; Number of Inverted Registers Reported in Synthesis Report                       ; 100                ; 100                ;
; Clock MUX Protection                                                            ; On                 ; On                 ;
; Auto Gated Clock Conversion                                                     ; Off                ; Off                ;
; Block Design Naming                                                             ; Auto               ; Auto               ;
; SDC constraint protection                                                       ; Off                ; Off                ;
; Synthesis Effort                                                                ; Auto               ; Auto               ;
; Shift Register Replacement - Allow Asynchronous Clear Signal                    ; On                 ; On                 ;
; Pre-Mapping Resynthesis Optimization                                            ; Off                ; Off                ;
; Analysis & Synthesis Message Level                                              ; Medium             ; Medium             ;
; Disable Register Merging Across Hierarchies                                     ; Auto               ; Auto               ;
; Resource Aware Inference For Block RAM                                          ; On                 ; On                 ;
; Automatic Parallel Synthesis                                                    ; On                 ; On                 ;
; Partial Reconfiguration Bitstream ID                                            ; Off                ; Off                ;
+---------------------------------------------------------------------------------+--------------------+--------------------+


+------------------------------------------+
; Parallel Compilation                     ;
+----------------------------+-------------+
; Processors                 ; Number      ;
+----------------------------+-------------+
; Number detected on machine ; 12          ;
; Maximum allowed            ; 6           ;
;                            ;             ;
; Average used               ; 1.00        ;
; Maximum used               ; 6           ;
;                            ;             ;
; Usage by Processor         ; % Time Used ;
;     Processor 1            ; 100.0%      ;
;     Processors 2-6         ;   0.0%      ;
+----------------------------+-------------+


+--------------------------------------------------------------------------------------------------------------------------------------------------------------------------+
; Analysis & Synthesis Source Files Read                                                                                                                                   ;
+----------------------------------+-----------------+------------------------------+----------------------------------------------------------------------------+---------+
; File Name with User-Entered Path ; Used in Netlist ; File Type                    ; File Name with Absolute Path                                               ; Library ;
+----------------------------------+-----------------+------------------------------+----------------------------------------------------------------------------+---------+
; lab1_b.sv                        ; yes             ; User SystemVerilog HDL File  ; D:/AY_EEE333/lab1_b.sv                                                     ;         ;
; dflip.sv                         ; yes             ; User SystemVerilog HDL File  ; D:/AY_EEE333/dflip.sv                                                      ;         ;
; lab_counter.sv                   ; yes             ; User SystemVerilog HDL File  ; D:/AY_EEE333/lab_counter.sv                                                ;         ;
; lab3.sv                          ; yes             ; User SystemVerilog HDL File  ; D:/AY_EEE333/lab3.sv                                                       ;         ;
; lpm_divide.tdf                   ; yes             ; Megafunction                 ; c:/intelfpga_lite/18.1/quartus/libraries/megafunctions/lpm_divide.tdf      ;         ;
; abs_divider.inc                  ; yes             ; Megafunction                 ; c:/intelfpga_lite/18.1/quartus/libraries/megafunctions/abs_divider.inc     ;         ;
; sign_div_unsign.inc              ; yes             ; Megafunction                 ; c:/intelfpga_lite/18.1/quartus/libraries/megafunctions/sign_div_unsign.inc ;         ;
; aglobal181.inc                   ; yes             ; Megafunction                 ; c:/intelfpga_lite/18.1/quartus/libraries/megafunctions/aglobal181.inc      ;         ;
; db/lpm_divide_52m.tdf            ; yes             ; Auto-Generated Megafunction  ; D:/AY_EEE333/db/lpm_divide_52m.tdf                                         ;         ;
; db/sign_div_unsign_8kh.tdf       ; yes             ; Auto-Generated Megafunction  ; D:/AY_EEE333/db/sign_div_unsign_8kh.tdf                                    ;         ;
; db/alt_u_div_mse.tdf             ; yes             ; Auto-Generated Megafunction  ; D:/AY_EEE333/db/alt_u_div_mse.tdf                                          ;         ;
; db/lpm_divide_ibm.tdf            ; yes             ; Auto-Generated Megafunction  ; D:/AY_EEE333/db/lpm_divide_ibm.tdf                                         ;         ;
; db/sign_div_unsign_olh.tdf       ; yes             ; Auto-Generated Megafunction  ; D:/AY_EEE333/db/sign_div_unsign_olh.tdf                                    ;         ;
; db/alt_u_div_mve.tdf             ; yes             ; Auto-Generated Megafunction  ; D:/AY_EEE333/db/alt_u_div_mve.tdf                                          ;         ;
+----------------------------------+-----------------+------------------------------+----------------------------------------------------------------------------+---------+


+---------------------------------------------------------+
; Analysis & Synthesis Resource Usage Summary             ;
+---------------------------------------------+-----------+
; Resource                                    ; Usage     ;
+---------------------------------------------+-----------+
; Estimate of Logic utilization (ALMs needed) ; 160       ;
;                                             ;           ;
; Combinational ALUT usage for logic          ; 293       ;
;     -- 7 input functions                    ; 1         ;
;     -- 6 input functions                    ; 25        ;
;     -- 5 input functions                    ; 32        ;
;     -- 4 input functions                    ; 56        ;
;     -- <=3 input functions                  ; 179       ;
;                                             ;           ;
; Dedicated logic registers                   ; 56        ;
;                                             ;           ;
; I/O pins                                    ; 39        ;
;                                             ;           ;
; Total DSP Blocks                            ; 0         ;
;                                             ;           ;
; Maximum fan-out node                        ; clk~input ;
; Maximum fan-out                             ; 56        ;
; Total fan-out                               ; 1203      ;
; Average fan-out                             ; 2.82      ;
+---------------------------------------------+-----------+


+----------------------------------------------------------------------------------------------------------------------------------------------------------------------------------------------------------------------------------------------------------------------------------------------+
; Analysis & Synthesis Resource Utilization by Entity                                                                                                                                                                                                                                          ;
+----------------------------------------+---------------------+---------------------------+-------------------+------------+------+--------------+-------------------------------------------------------------------------------------------------------+---------------------+--------------+
; Compilation Hierarchy Node             ; Combinational ALUTs ; Dedicated Logic Registers ; Block Memory Bits ; DSP Blocks ; Pins ; Virtual Pins ; Full Hierarchy Name                                                                                   ; Entity Name         ; Library Name ;
+----------------------------------------+---------------------+---------------------------+-------------------+------------+------+--------------+-------------------------------------------------------------------------------------------------------+---------------------+--------------+
; |lab3                                  ; 293 (71)            ; 56 (0)                    ; 0                 ; 0          ; 39   ; 0            ; |lab3                                                                                                 ; lab3                ; work         ;
;    |dflip:ff1|                         ; 1 (1)               ; 1 (1)                     ; 0                 ; 0          ; 0    ; 0            ; |lab3|dflip:ff1                                                                                       ; dflip               ; work         ;
;    |dflip:ff2|                         ; 1 (1)               ; 1 (1)                     ; 0                 ; 0          ; 0    ; 0            ; |lab3|dflip:ff2                                                                                       ; dflip               ; work         ;
;    |dflip:ff3|                         ; 0 (0)               ; 1 (1)                     ; 0                 ; 0          ; 0    ; 0            ; |lab3|dflip:ff3                                                                                       ; dflip               ; work         ;
;    |dflip:ff4|                         ; 1 (1)               ; 1 (1)                     ; 0                 ; 0          ; 0    ; 0            ; |lab3|dflip:ff4                                                                                       ; dflip               ; work         ;
;    |dflip:ff5|                         ; 0 (0)               ; 1 (1)                     ; 0                 ; 0          ; 0    ; 0            ; |lab3|dflip:ff5                                                                                       ; dflip               ; work         ;
;    |lab1_b:hex_hunds|                  ; 7 (7)               ; 0 (0)                     ; 0                 ; 0          ; 0    ; 0            ; |lab3|lab1_b:hex_hunds                                                                                ; lab1_b              ; work         ;
;    |lab1_b:hex_ones|                   ; 7 (7)               ; 0 (0)                     ; 0                 ; 0          ; 0    ; 0            ; |lab3|lab1_b:hex_ones                                                                                 ; lab1_b              ; work         ;
;    |lab1_b:hex_tens|                   ; 7 (7)               ; 0 (0)                     ; 0                 ; 0          ; 0    ; 0            ; |lab3|lab1_b:hex_tens                                                                                 ; lab1_b              ; work         ;
;    |lab1_b:hex_thsns|                  ; 3 (3)               ; 0 (0)                     ; 0                 ; 0          ; 0    ; 0            ; |lab3|lab1_b:hex_thsns                                                                                ; lab1_b              ; work         ;
;    |lab_counter:hour_AL|               ; 6 (6)               ; 5 (0)                     ; 0                 ; 0          ; 0    ; 0            ; |lab3|lab_counter:hour_AL                                                                             ; lab_counter         ; work         ;
;       |dflip:ff1|                      ; 0 (0)               ; 5 (5)                     ; 0                 ; 0          ; 0    ; 0            ; |lab3|lab_counter:hour_AL|dflip:ff1                                                                   ; dflip               ; work         ;
;    |lab_counter:hour|                  ; 8 (8)               ; 5 (0)                     ; 0                 ; 0          ; 0    ; 0            ; |lab3|lab_counter:hour                                                                                ; lab_counter         ; work         ;
;       |dflip:ff1|                      ; 0 (0)               ; 5 (5)                     ; 0                 ; 0          ; 0    ; 0            ; |lab3|lab_counter:hour|dflip:ff1                                                                      ; dflip               ; work         ;
;    |lab_counter:one_meg|               ; 34 (34)             ; 27 (0)                    ; 0                 ; 0          ; 0    ; 0            ; |lab3|lab_counter:one_meg                                                                             ; lab_counter         ; work         ;
;       |dflip:ff1|                      ; 0 (0)               ; 27 (27)                   ; 0                 ; 0          ; 0    ; 0            ; |lab3|lab_counter:one_meg|dflip:ff1                                                                   ; dflip               ; work         ;
;    |lab_counter:ones_AL|               ; 5 (5)               ; 4 (0)                     ; 0                 ; 0          ; 0    ; 0            ; |lab3|lab_counter:ones_AL                                                                             ; lab_counter         ; work         ;
;       |dflip:ff1|                      ; 0 (0)               ; 4 (4)                     ; 0                 ; 0          ; 0    ; 0            ; |lab3|lab_counter:ones_AL|dflip:ff1                                                                   ; dflip               ; work         ;
;    |lab_counter:ones|                  ; 5 (5)               ; 4 (0)                     ; 0                 ; 0          ; 0    ; 0            ; |lab3|lab_counter:ones                                                                                ; lab_counter         ; work         ;
;       |dflip:ff1|                      ; 0 (0)               ; 4 (4)                     ; 0                 ; 0          ; 0    ; 0            ; |lab3|lab_counter:ones|dflip:ff1                                                                      ; dflip               ; work         ;
;    |lab_counter:tens_AL|               ; 3 (3)               ; 3 (0)                     ; 0                 ; 0          ; 0    ; 0            ; |lab3|lab_counter:tens_AL                                                                             ; lab_counter         ; work         ;
;       |dflip:ff1|                      ; 0 (0)               ; 3 (3)                     ; 0                 ; 0          ; 0    ; 0            ; |lab3|lab_counter:tens_AL|dflip:ff1                                                                   ; dflip               ; work         ;
;    |lab_counter:tens|                  ; 3 (3)               ; 3 (0)                     ; 0                 ; 0          ; 0    ; 0            ; |lab3|lab_counter:tens                                                                                ; lab_counter         ; work         ;
;       |dflip:ff1|                      ; 0 (0)               ; 3 (3)                     ; 0                 ; 0          ; 0    ; 0            ; |lab3|lab_counter:tens|dflip:ff1                                                                      ; dflip               ; work         ;
;    |lpm_divide:Div0|                   ; 46 (0)              ; 0 (0)                     ; 0                 ; 0          ; 0    ; 0            ; |lab3|lpm_divide:Div0                                                                                 ; lpm_divide          ; work         ;
;       |lpm_divide_ibm:auto_generated|  ; 46 (0)              ; 0 (0)                     ; 0                 ; 0          ; 0    ; 0            ; |lab3|lpm_divide:Div0|lpm_divide_ibm:auto_generated                                                   ; lpm_divide_ibm      ; work         ;
;          |sign_div_unsign_olh:divider| ; 46 (0)              ; 0 (0)                     ; 0                 ; 0          ; 0    ; 0            ; |lab3|lpm_divide:Div0|lpm_divide_ibm:auto_generated|sign_div_unsign_olh:divider                       ; sign_div_unsign_olh ; work         ;
;             |alt_u_div_mve:divider|    ; 46 (46)             ; 0 (0)                     ; 0                 ; 0          ; 0    ; 0            ; |lab3|lpm_divide:Div0|lpm_divide_ibm:auto_generated|sign_div_unsign_olh:divider|alt_u_div_mve:divider ; alt_u_div_mve       ; work         ;
;    |lpm_divide:Div1|                   ; 46 (0)              ; 0 (0)                     ; 0                 ; 0          ; 0    ; 0            ; |lab3|lpm_divide:Div1                                                                                 ; lpm_divide          ; work         ;
;       |lpm_divide_ibm:auto_generated|  ; 46 (0)              ; 0 (0)                     ; 0                 ; 0          ; 0    ; 0            ; |lab3|lpm_divide:Div1|lpm_divide_ibm:auto_generated                                                   ; lpm_divide_ibm      ; work         ;
;          |sign_div_unsign_olh:divider| ; 46 (0)              ; 0 (0)                     ; 0                 ; 0          ; 0    ; 0            ; |lab3|lpm_divide:Div1|lpm_divide_ibm:auto_generated|sign_div_unsign_olh:divider                       ; sign_div_unsign_olh ; work         ;
;             |alt_u_div_mve:divider|    ; 46 (46)             ; 0 (0)                     ; 0                 ; 0          ; 0    ; 0            ; |lab3|lpm_divide:Div1|lpm_divide_ibm:auto_generated|sign_div_unsign_olh:divider|alt_u_div_mve:divider ; alt_u_div_mve       ; work         ;
;    |lpm_divide:Mod0|                   ; 20 (0)              ; 0 (0)                     ; 0                 ; 0          ; 0    ; 0            ; |lab3|lpm_divide:Mod0                                                                                 ; lpm_divide          ; work         ;
;       |lpm_divide_52m:auto_generated|  ; 20 (0)              ; 0 (0)                     ; 0                 ; 0          ; 0    ; 0            ; |lab3|lpm_divide:Mod0|lpm_divide_52m:auto_generated                                                   ; lpm_divide_52m      ; work         ;
;          |sign_div_unsign_8kh:divider| ; 20 (0)              ; 0 (0)                     ; 0                 ; 0          ; 0    ; 0            ; |lab3|lpm_divide:Mod0|lpm_divide_52m:auto_generated|sign_div_unsign_8kh:divider                       ; sign_div_unsign_8kh ; work         ;
;             |alt_u_div_mse:divider|    ; 20 (20)             ; 0 (0)                     ; 0                 ; 0          ; 0    ; 0            ; |lab3|lpm_divide:Mod0|lpm_divide_52m:auto_generated|sign_div_unsign_8kh:divider|alt_u_div_mse:divider ; alt_u_div_mse       ; work         ;
;    |lpm_divide:Mod1|                   ; 19 (0)              ; 0 (0)                     ; 0                 ; 0          ; 0    ; 0            ; |lab3|lpm_divide:Mod1                                                                                 ; lpm_divide          ; work         ;
;       |lpm_divide_52m:auto_generated|  ; 19 (0)              ; 0 (0)                     ; 0                 ; 0          ; 0    ; 0            ; |lab3|lpm_divide:Mod1|lpm_divide_52m:auto_generated                                                   ; lpm_divide_52m      ; work         ;
;          |sign_div_unsign_8kh:divider| ; 19 (0)              ; 0 (0)                     ; 0                 ; 0          ; 0    ; 0            ; |lab3|lpm_divide:Mod1|lpm_divide_52m:auto_generated|sign_div_unsign_8kh:divider                       ; sign_div_unsign_8kh ; work         ;
;             |alt_u_div_mse:divider|    ; 19 (19)             ; 0 (0)                     ; 0                 ; 0          ; 0    ; 0            ; |lab3|lpm_divide:Mod1|lpm_divide_52m:auto_generated|sign_div_unsign_8kh:divider|alt_u_div_mse:divider ; alt_u_div_mse       ; work         ;
+----------------------------------------+---------------------+---------------------------+-------------------+------------+------+--------------+-------------------------------------------------------------------------------------------------------+---------------------+--------------+
Note: For table entries with two numbers listed, the numbers in parentheses indicate the number of resources of the given type used by the specific entity alone. The numbers listed outside of parentheses indicate the total resources of the given type used by the specific entity and all of its sub-entities in the hierarchy.


+------------------------------------------------------+
; General Register Statistics                          ;
+----------------------------------------------+-------+
; Statistic                                    ; Value ;
+----------------------------------------------+-------+
; Total registers                              ; 56    ;
; Number of registers using Synchronous Clear  ; 56    ;
; Number of registers using Synchronous Load   ; 0     ;
; Number of registers using Asynchronous Clear ; 0     ;
; Number of registers using Asynchronous Load  ; 0     ;
; Number of registers using Clock Enable       ; 4     ;
; Number of registers using Preset             ; 0     ;
+----------------------------------------------+-------+


+------------------------------------------------------------------+
; Parameter Settings for User Entity Instance: lab_counter:one_meg ;
+----------------+-----------+-------------------------------------+
; Parameter Name ; Value     ; Type                                ;
+----------------+-----------+-------------------------------------+
; m              ; 100000000 ; Signed Integer                      ;
; b              ; 27        ; Signed Integer                      ;
+----------------+-----------+-------------------------------------+
Note: In order to hide this table in the UI and the text report file, please set the "Show Parameter Settings in Synthesis Report" option in "Analysis and Synthesis Settings -> More Settings" to "Off".


+----------------------------------------------------------------------------+
; Parameter Settings for User Entity Instance: lab_counter:one_meg|dflip:ff1 ;
+----------------+-------+---------------------------------------------------+
; Parameter Name ; Value ; Type                                              ;
+----------------+-------+---------------------------------------------------+
; size           ; 27    ; Signed Integer                                    ;
+----------------+-------+---------------------------------------------------+
Note: In order to hide this table in the UI and the text report file, please set the "Show Parameter Settings in Synthesis Report" option in "Analysis and Synthesis Settings -> More Settings" to "Off".


+---------------------------------------------------------------+
; Parameter Settings for User Entity Instance: lab_counter:ones ;
+----------------+-------+--------------------------------------+
; Parameter Name ; Value ; Type                                 ;
+----------------+-------+--------------------------------------+
; m              ; 10    ; Signed Integer                       ;
; b              ; 4     ; Signed Integer                       ;
+----------------+-------+--------------------------------------+
Note: In order to hide this table in the UI and the text report file, please set the "Show Parameter Settings in Synthesis Report" option in "Analysis and Synthesis Settings -> More Settings" to "Off".


+-------------------------------------------------------------------------+
; Parameter Settings for User Entity Instance: lab_counter:ones|dflip:ff1 ;
+----------------+-------+------------------------------------------------+
; Parameter Name ; Value ; Type                                           ;
+----------------+-------+------------------------------------------------+
; size           ; 4     ; Signed Integer                                 ;
+----------------+-------+------------------------------------------------+
Note: In order to hide this table in the UI and the text report file, please set the "Show Parameter Settings in Synthesis Report" option in "Analysis and Synthesis Settings -> More Settings" to "Off".


+---------------------------------------------------------------+
; Parameter Settings for User Entity Instance: lab_counter:tens ;
+----------------+-------+--------------------------------------+
; Parameter Name ; Value ; Type                                 ;
+----------------+-------+--------------------------------------+
; m              ; 6     ; Signed Integer                       ;
; b              ; 3     ; Signed Integer                       ;
+----------------+-------+--------------------------------------+
Note: In order to hide this table in the UI and the text report file, please set the "Show Parameter Settings in Synthesis Report" option in "Analysis and Synthesis Settings -> More Settings" to "Off".


+-------------------------------------------------------------------------+
; Parameter Settings for User Entity Instance: lab_counter:tens|dflip:ff1 ;
+----------------+-------+------------------------------------------------+
; Parameter Name ; Value ; Type                                           ;
+----------------+-------+------------------------------------------------+
; size           ; 3     ; Signed Integer                                 ;
+----------------+-------+------------------------------------------------+
Note: In order to hide this table in the UI and the text report file, please set the "Show Parameter Settings in Synthesis Report" option in "Analysis and Synthesis Settings -> More Settings" to "Off".


+---------------------------------------------------------------+
; Parameter Settings for User Entity Instance: lab_counter:hour ;
+----------------+-------+--------------------------------------+
; Parameter Name ; Value ; Type                                 ;
+----------------+-------+--------------------------------------+
; m              ; 24    ; Signed Integer                       ;
; b              ; 5     ; Signed Integer                       ;
+----------------+-------+--------------------------------------+
Note: In order to hide this table in the UI and the text report file, please set the "Show Parameter Settings in Synthesis Report" option in "Analysis and Synthesis Settings -> More Settings" to "Off".


+-------------------------------------------------------------------------+
; Parameter Settings for User Entity Instance: lab_counter:hour|dflip:ff1 ;
+----------------+-------+------------------------------------------------+
; Parameter Name ; Value ; Type                                           ;
+----------------+-------+------------------------------------------------+
; size           ; 5     ; Signed Integer                                 ;
+----------------+-------+------------------------------------------------+
Note: In order to hide this table in the UI and the text report file, please set the "Show Parameter Settings in Synthesis Report" option in "Analysis and Synthesis Settings -> More Settings" to "Off".


+------------------------------------------------------------------+
; Parameter Settings for User Entity Instance: lab_counter:ones_AL ;
+----------------+-------+-----------------------------------------+
; Parameter Name ; Value ; Type                                    ;
+----------------+-------+-----------------------------------------+
; m              ; 10    ; Signed Integer                          ;
; b              ; 4     ; Signed Integer                          ;
+----------------+-------+-----------------------------------------+
Note: In order to hide this table in the UI and the text report file, please set the "Show Parameter Settings in Synthesis Report" option in "Analysis and Synthesis Settings -> More Settings" to "Off".


+----------------------------------------------------------------------------+
; Parameter Settings for User Entity Instance: lab_counter:ones_AL|dflip:ff1 ;
+----------------+-------+---------------------------------------------------+
; Parameter Name ; Value ; Type                                              ;
+----------------+-------+---------------------------------------------------+
; size           ; 4     ; Signed Integer                                    ;
+----------------+-------+---------------------------------------------------+
Note: In order to hide this table in the UI and the text report file, please set the "Show Parameter Settings in Synthesis Report" option in "Analysis and Synthesis Settings -> More Settings" to "Off".


+------------------------------------------------------------------+
; Parameter Settings for User Entity Instance: lab_counter:tens_AL ;
+----------------+-------+-----------------------------------------+
; Parameter Name ; Value ; Type                                    ;
+----------------+-------+-----------------------------------------+
; m              ; 6     ; Signed Integer                          ;
; b              ; 3     ; Signed Integer                          ;
+----------------+-------+-----------------------------------------+
Note: In order to hide this table in the UI and the text report file, please set the "Show Parameter Settings in Synthesis Report" option in "Analysis and Synthesis Settings -> More Settings" to "Off".


+----------------------------------------------------------------------------+
; Parameter Settings for User Entity Instance: lab_counter:tens_AL|dflip:ff1 ;
+----------------+-------+---------------------------------------------------+
; Parameter Name ; Value ; Type                                              ;
+----------------+-------+---------------------------------------------------+
; size           ; 3     ; Signed Integer                                    ;
+----------------+-------+---------------------------------------------------+
Note: In order to hide this table in the UI and the text report file, please set the "Show Parameter Settings in Synthesis Report" option in "Analysis and Synthesis Settings -> More Settings" to "Off".


+------------------------------------------------------------------+
; Parameter Settings for User Entity Instance: lab_counter:hour_AL ;
+----------------+-------+-----------------------------------------+
; Parameter Name ; Value ; Type                                    ;
+----------------+-------+-----------------------------------------+
; m              ; 24    ; Signed Integer                          ;
; b              ; 5     ; Signed Integer                          ;
+----------------+-------+-----------------------------------------+
Note: In order to hide this table in the UI and the text report file, please set the "Show Parameter Settings in Synthesis Report" option in "Analysis and Synthesis Settings -> More Settings" to "Off".


+----------------------------------------------------------------------------+
; Parameter Settings for User Entity Instance: lab_counter:hour_AL|dflip:ff1 ;
+----------------+-------+---------------------------------------------------+
; Parameter Name ; Value ; Type                                              ;
+----------------+-------+---------------------------------------------------+
; size           ; 5     ; Signed Integer                                    ;
+----------------+-------+---------------------------------------------------+
Note: In order to hide this table in the UI and the text report file, please set the "Show Parameter Settings in Synthesis Report" option in "Analysis and Synthesis Settings -> More Settings" to "Off".


+--------------------------------------------------------+
; Parameter Settings for User Entity Instance: dflip:ff2 ;
+----------------+-------+-------------------------------+
; Parameter Name ; Value ; Type                          ;
+----------------+-------+-------------------------------+
; size           ; 1     ; Signed Integer                ;
+----------------+-------+-------------------------------+
Note: In order to hide this table in the UI and the text report file, please set the "Show Parameter Settings in Synthesis Report" option in "Analysis and Synthesis Settings -> More Settings" to "Off".


+--------------------------------------------------------+
; Parameter Settings for User Entity Instance: dflip:ff3 ;
+----------------+-------+-------------------------------+
; Parameter Name ; Value ; Type                          ;
+----------------+-------+-------------------------------+
; size           ; 1     ; Signed Integer                ;
+----------------+-------+-------------------------------+
Note: In order to hide this table in the UI and the text report file, please set the "Show Parameter Settings in Synthesis Report" option in "Analysis and Synthesis Settings -> More Settings" to "Off".


+--------------------------------------------------------+
; Parameter Settings for User Entity Instance: dflip:ff4 ;
+----------------+-------+-------------------------------+
; Parameter Name ; Value ; Type                          ;
+----------------+-------+-------------------------------+
; size           ; 1     ; Signed Integer                ;
+----------------+-------+-------------------------------+
Note: In order to hide this table in the UI and the text report file, please set the "Show Parameter Settings in Synthesis Report" option in "Analysis and Synthesis Settings -> More Settings" to "Off".


+--------------------------------------------------------+
; Parameter Settings for User Entity Instance: dflip:ff5 ;
+----------------+-------+-------------------------------+
; Parameter Name ; Value ; Type                          ;
+----------------+-------+-------------------------------+
; size           ; 1     ; Signed Integer                ;
+----------------+-------+-------------------------------+
Note: In order to hide this table in the UI and the text report file, please set the "Show Parameter Settings in Synthesis Report" option in "Analysis and Synthesis Settings -> More Settings" to "Off".


+--------------------------------------------------------+
; Parameter Settings for User Entity Instance: dflip:ff1 ;
+----------------+-------+-------------------------------+
; Parameter Name ; Value ; Type                          ;
+----------------+-------+-------------------------------+
; size           ; 1     ; Signed Integer                ;
+----------------+-------+-------------------------------+
Note: In order to hide this table in the UI and the text report file, please set the "Show Parameter Settings in Synthesis Report" option in "Analysis and Synthesis Settings -> More Settings" to "Off".


+------------------------------------------------------------------+
; Parameter Settings for Inferred Entity Instance: lpm_divide:Mod0 ;
+------------------------+----------------+------------------------+
; Parameter Name         ; Value          ; Type                   ;
+------------------------+----------------+------------------------+
; LPM_WIDTHN             ; 5              ; Untyped                ;
; LPM_WIDTHD             ; 4              ; Untyped                ;
; LPM_NREPRESENTATION    ; UNSIGNED       ; Untyped                ;
; LPM_DREPRESENTATION    ; UNSIGNED       ; Untyped                ;
; LPM_PIPELINE           ; 0              ; Untyped                ;
; LPM_REMAINDERPOSITIVE  ; TRUE           ; Untyped                ;
; MAXIMIZE_SPEED         ; 5              ; Untyped                ;
; CBXI_PARAMETER         ; lpm_divide_52m ; Untyped                ;
; CARRY_CHAIN            ; MANUAL         ; Untyped                ;
; OPTIMIZE_FOR_SPEED     ; 5              ; Untyped                ;
; AUTO_CARRY_CHAINS      ; ON             ; AUTO_CARRY             ;
; IGNORE_CARRY_BUFFERS   ; OFF            ; IGNORE_CARRY           ;
; AUTO_CASCADE_CHAINS    ; ON             ; AUTO_CASCADE           ;
; IGNORE_CASCADE_BUFFERS ; OFF            ; IGNORE_CASCADE         ;
+------------------------+----------------+------------------------+
Note: In order to hide this table in the UI and the text report file, please set the "Show Parameter Settings in Synthesis Report" option in "Analysis and Synthesis Settings -> More Settings" to "Off".


+------------------------------------------------------------------+
; Parameter Settings for Inferred Entity Instance: lpm_divide:Div0 ;
+------------------------+----------------+------------------------+
; Parameter Name         ; Value          ; Type                   ;
+------------------------+----------------+------------------------+
; LPM_WIDTHN             ; 32             ; Untyped                ;
; LPM_WIDTHD             ; 4              ; Untyped                ;
; LPM_NREPRESENTATION    ; UNSIGNED       ; Untyped                ;
; LPM_DREPRESENTATION    ; UNSIGNED       ; Untyped                ;
; LPM_PIPELINE           ; 0              ; Untyped                ;
; LPM_REMAINDERPOSITIVE  ; TRUE           ; Untyped                ;
; MAXIMIZE_SPEED         ; 5              ; Untyped                ;
; CBXI_PARAMETER         ; lpm_divide_ibm ; Untyped                ;
; CARRY_CHAIN            ; MANUAL         ; Untyped                ;
; OPTIMIZE_FOR_SPEED     ; 5              ; Untyped                ;
; AUTO_CARRY_CHAINS      ; ON             ; AUTO_CARRY             ;
; IGNORE_CARRY_BUFFERS   ; OFF            ; IGNORE_CARRY           ;
; AUTO_CASCADE_CHAINS    ; ON             ; AUTO_CASCADE           ;
; IGNORE_CASCADE_BUFFERS ; OFF            ; IGNORE_CASCADE         ;
+------------------------+----------------+------------------------+
Note: In order to hide this table in the UI and the text report file, please set the "Show Parameter Settings in Synthesis Report" option in "Analysis and Synthesis Settings -> More Settings" to "Off".


+------------------------------------------------------------------+
; Parameter Settings for Inferred Entity Instance: lpm_divide:Div1 ;
+------------------------+----------------+------------------------+
; Parameter Name         ; Value          ; Type                   ;
+------------------------+----------------+------------------------+
; LPM_WIDTHN             ; 32             ; Untyped                ;
; LPM_WIDTHD             ; 4              ; Untyped                ;
; LPM_NREPRESENTATION    ; UNSIGNED       ; Untyped                ;
; LPM_DREPRESENTATION    ; UNSIGNED       ; Untyped                ;
; LPM_PIPELINE           ; 0              ; Untyped                ;
; LPM_REMAINDERPOSITIVE  ; TRUE           ; Untyped                ;
; MAXIMIZE_SPEED         ; 5              ; Untyped                ;
; CBXI_PARAMETER         ; lpm_divide_ibm ; Untyped                ;
; CARRY_CHAIN            ; MANUAL         ; Untyped                ;
; OPTIMIZE_FOR_SPEED     ; 5              ; Untyped                ;
; AUTO_CARRY_CHAINS      ; ON             ; AUTO_CARRY             ;
; IGNORE_CARRY_BUFFERS   ; OFF            ; IGNORE_CARRY           ;
; AUTO_CASCADE_CHAINS    ; ON             ; AUTO_CASCADE           ;
; IGNORE_CASCADE_BUFFERS ; OFF            ; IGNORE_CASCADE         ;
+------------------------+----------------+------------------------+
Note: In order to hide this table in the UI and the text report file, please set the "Show Parameter Settings in Synthesis Report" option in "Analysis and Synthesis Settings -> More Settings" to "Off".


+------------------------------------------------------------------+
; Parameter Settings for Inferred Entity Instance: lpm_divide:Mod1 ;
+------------------------+----------------+------------------------+
; Parameter Name         ; Value          ; Type                   ;
+------------------------+----------------+------------------------+
; LPM_WIDTHN             ; 5              ; Untyped                ;
; LPM_WIDTHD             ; 4              ; Untyped                ;
; LPM_NREPRESENTATION    ; UNSIGNED       ; Untyped                ;
; LPM_DREPRESENTATION    ; UNSIGNED       ; Untyped                ;
; LPM_PIPELINE           ; 0              ; Untyped                ;
; LPM_REMAINDERPOSITIVE  ; TRUE           ; Untyped                ;
; MAXIMIZE_SPEED         ; 5              ; Untyped                ;
; CBXI_PARAMETER         ; lpm_divide_52m ; Untyped                ;
; CARRY_CHAIN            ; MANUAL         ; Untyped                ;
; OPTIMIZE_FOR_SPEED     ; 5              ; Untyped                ;
; AUTO_CARRY_CHAINS      ; ON             ; AUTO_CARRY             ;
; IGNORE_CARRY_BUFFERS   ; OFF            ; IGNORE_CARRY           ;
; AUTO_CASCADE_CHAINS    ; ON             ; AUTO_CASCADE           ;
; IGNORE_CASCADE_BUFFERS ; OFF            ; IGNORE_CASCADE         ;
+------------------------+----------------+------------------------+
Note: In order to hide this table in the UI and the text report file, please set the "Show Parameter Settings in Synthesis Report" option in "Analysis and Synthesis Settings -> More Settings" to "Off".


+---------------------------------------------------------------------------------------------------------------------------------------------------------------------+
; Port Connectivity Checks: "lab1_b:hex_thsns"                                                                                                                        ;
+------+-------+----------+-------------------------------------------------------------------------------------------------------------------------------------------+
; Port ; Type  ; Severity ; Details                                                                                                                                   ;
+------+-------+----------+-------------------------------------------------------------------------------------------------------------------------------------------+
; a    ; Input ; Warning  ; Input port expression (2 bits) is smaller than the input port (4 bits) it drives.  Extra input bit(s) "a[3..2]" will be connected to GND. ;
+------+-------+----------+-------------------------------------------------------------------------------------------------------------------------------------------+


+---------------------------------------------------------------------------------------------------------------------------------------------------------------------+
; Port Connectivity Checks: "lab1_b:hex_tens"                                                                                                                         ;
+------+-------+----------+-------------------------------------------------------------------------------------------------------------------------------------------+
; Port ; Type  ; Severity ; Details                                                                                                                                   ;
+------+-------+----------+-------------------------------------------------------------------------------------------------------------------------------------------+
; a    ; Input ; Warning  ; Input port expression (3 bits) is smaller than the input port (4 bits) it drives.  Extra input bit(s) "a[3..3]" will be connected to GND. ;
+------+-------+----------+-------------------------------------------------------------------------------------------------------------------------------------------+


+-------------------------------------------------------------------------------------------------------------------------------------------------------------------------------------------------------------+
; Port Connectivity Checks: "dflip:ff5"                                                                                                                                                                       ;
+------+--------+----------+----------------------------------------------------------------------------------------------------------------------------------------------------------------------------------+
; Port ; Type   ; Severity ; Details                                                                                                                                                                          ;
+------+--------+----------+----------------------------------------------------------------------------------------------------------------------------------------------------------------------------------+
; d    ; Input  ; Warning  ; Input port expression (2 bits) is wider than the input port (1 bits) it drives.  The 1 most-significant bit(s) in the expression will be dangling if they have no other fanouts. ;
; q    ; Output ; Warning  ; Output or bidir port (1 bits) is smaller than the port expression (2 bits) it drives.  The 1 most-significant bit(s) in the port expression will be connected to GND.            ;
+------+--------+----------+----------------------------------------------------------------------------------------------------------------------------------------------------------------------------------+


+-------------------------------------------------------------------------------------------------------------------------------------------------------------------------------------------------------------+
; Port Connectivity Checks: "dflip:ff4"                                                                                                                                                                       ;
+------+--------+----------+----------------------------------------------------------------------------------------------------------------------------------------------------------------------------------+
; Port ; Type   ; Severity ; Details                                                                                                                                                                          ;
+------+--------+----------+----------------------------------------------------------------------------------------------------------------------------------------------------------------------------------+
; d    ; Input  ; Warning  ; Input port expression (4 bits) is wider than the input port (1 bits) it drives.  The 3 most-significant bit(s) in the expression will be dangling if they have no other fanouts. ;
; q    ; Output ; Warning  ; Output or bidir port (1 bits) is smaller than the port expression (4 bits) it drives.  The 3 most-significant bit(s) in the port expression will be connected to GND.            ;
+------+--------+----------+----------------------------------------------------------------------------------------------------------------------------------------------------------------------------------+


+-------------------------------------------------------------------------------------------------------------------------------------------------------------------------------------------------------------+
; Port Connectivity Checks: "dflip:ff3"                                                                                                                                                                       ;
+------+--------+----------+----------------------------------------------------------------------------------------------------------------------------------------------------------------------------------+
; Port ; Type   ; Severity ; Details                                                                                                                                                                          ;
+------+--------+----------+----------------------------------------------------------------------------------------------------------------------------------------------------------------------------------+
; d    ; Input  ; Warning  ; Input port expression (3 bits) is wider than the input port (1 bits) it drives.  The 2 most-significant bit(s) in the expression will be dangling if they have no other fanouts. ;
; q    ; Output ; Warning  ; Output or bidir port (1 bits) is smaller than the port expression (3 bits) it drives.  The 2 most-significant bit(s) in the port expression will be connected to GND.            ;
+------+--------+----------+----------------------------------------------------------------------------------------------------------------------------------------------------------------------------------+


+-------------------------------------------------------------------------------------------------------------------------------------------------------------------------------------------------------------+
; Port Connectivity Checks: "dflip:ff2"                                                                                                                                                                       ;
+------+--------+----------+----------------------------------------------------------------------------------------------------------------------------------------------------------------------------------+
; Port ; Type   ; Severity ; Details                                                                                                                                                                          ;
+------+--------+----------+----------------------------------------------------------------------------------------------------------------------------------------------------------------------------------+
; d    ; Input  ; Warning  ; Input port expression (4 bits) is wider than the input port (1 bits) it drives.  The 3 most-significant bit(s) in the expression will be dangling if they have no other fanouts. ;
; q    ; Output ; Warning  ; Output or bidir port (1 bits) is smaller than the port expression (4 bits) it drives.  The 3 most-significant bit(s) in the port expression will be connected to GND.            ;
+------+--------+----------+----------------------------------------------------------------------------------------------------------------------------------------------------------------------------------+


+-------------------------------------------------+
; Port Connectivity Checks: "lab_counter:hour_AL" ;
+------+-------+----------+-----------------------+
; Port ; Type  ; Severity ; Details               ;
+------+-------+----------+-----------------------+
; dec  ; Input ; Info     ; Stuck at GND          ;
+------+-------+----------+-----------------------+


+-------------------------------------------------+
; Port Connectivity Checks: "lab_counter:tens_AL" ;
+------+-------+----------+-----------------------+
; Port ; Type  ; Severity ; Details               ;
+------+-------+----------+-----------------------+
; dec  ; Input ; Info     ; Stuck at GND          ;
+------+-------+----------+-----------------------+


+-------------------------------------------------+
; Port Connectivity Checks: "lab_counter:ones_AL" ;
+------+-------+----------+-----------------------+
; Port ; Type  ; Severity ; Details               ;
+------+-------+----------+-----------------------+
; dec  ; Input ; Info     ; Stuck at GND          ;
+------+-------+----------+-----------------------+


+--------------------------------------------------------+
; Port Connectivity Checks: "lab_counter:hour|dflip:ff1" ;
+------+-------+----------+------------------------------+
; Port ; Type  ; Severity ; Details                      ;
+------+-------+----------+------------------------------+
; en   ; Input ; Info     ; Stuck at VCC                 ;
+------+-------+----------+------------------------------+


+----------------------------------------------+
; Port Connectivity Checks: "lab_counter:hour" ;
+------+-------+----------+--------------------+
; Port ; Type  ; Severity ; Details            ;
+------+-------+----------+--------------------+
; dec  ; Input ; Info     ; Stuck at GND       ;
+------+-------+----------+--------------------+


+--------------------------------------------------------+
; Port Connectivity Checks: "lab_counter:tens|dflip:ff1" ;
+------+-------+----------+------------------------------+
; Port ; Type  ; Severity ; Details                      ;
+------+-------+----------+------------------------------+
; en   ; Input ; Info     ; Stuck at VCC                 ;
+------+-------+----------+------------------------------+


+----------------------------------------------+
; Port Connectivity Checks: "lab_counter:tens" ;
+------+-------+----------+--------------------+
; Port ; Type  ; Severity ; Details            ;
+------+-------+----------+--------------------+
; dec  ; Input ; Info     ; Stuck at GND       ;
+------+-------+----------+--------------------+


+--------------------------------------------------------+
; Port Connectivity Checks: "lab_counter:ones|dflip:ff1" ;
+------+-------+----------+------------------------------+
; Port ; Type  ; Severity ; Details                      ;
+------+-------+----------+------------------------------+
; en   ; Input ; Info     ; Stuck at VCC                 ;
+------+-------+----------+------------------------------+


+----------------------------------------------+
; Port Connectivity Checks: "lab_counter:ones" ;
+------+-------+----------+--------------------+
; Port ; Type  ; Severity ; Details            ;
+------+-------+----------+--------------------+
; dec  ; Input ; Info     ; Stuck at GND       ;
+------+-------+----------+--------------------+


+-----------------------------------------------------------+
; Port Connectivity Checks: "lab_counter:one_meg|dflip:ff1" ;
+------+-------+----------+---------------------------------+
; Port ; Type  ; Severity ; Details                         ;
+------+-------+----------+---------------------------------+
; en   ; Input ; Info     ; Stuck at VCC                    ;
+------+-------+----------+---------------------------------+


+-------------------------------------------------+
; Port Connectivity Checks: "lab_counter:one_meg" ;
+------+-------+----------+-----------------------+
; Port ; Type  ; Severity ; Details               ;
+------+-------+----------+-----------------------+
; inc  ; Input ; Info     ; Stuck at VCC          ;
; dec  ; Input ; Info     ; Stuck at GND          ;
; rst  ; Input ; Info     ; Stuck at VCC          ;
+------+-------+----------+-----------------------+


+-----------------------------------------------------+
; Post-Synthesis Netlist Statistics for Top Partition ;
+-----------------------+-----------------------------+
; Type                  ; Count                       ;
+-----------------------+-----------------------------+
; arriav_ff             ; 56                          ;
;     ENA SCLR          ; 4                           ;
;     SCLR              ; 52                          ;
; arriav_lcell_comb     ; 297                         ;
;     arith             ; 97                          ;
;         0 data inputs ; 20                          ;
;         1 data inputs ; 37                          ;
;         2 data inputs ; 6                           ;
;         3 data inputs ; 28                          ;
;         4 data inputs ; 6                           ;
;     extend            ; 1                           ;
;         7 data inputs ; 1                           ;
;     normal            ; 167                         ;
;         0 data inputs ; 1                           ;
;         1 data inputs ; 3                           ;
;         2 data inputs ; 31                          ;
;         3 data inputs ; 29                          ;
;         4 data inputs ; 46                          ;
;         5 data inputs ; 32                          ;
;         6 data inputs ; 25                          ;
;     shared            ; 32                          ;
;         0 data inputs ; 6                           ;
;         1 data inputs ; 18                          ;
;         2 data inputs ; 2                           ;
;         3 data inputs ; 2                           ;
;         4 data inputs ; 4                           ;
; boundary_port         ; 39                          ;
;                       ;                             ;
; Max LUT depth         ; 15.70                       ;
; Average LUT depth     ; 9.18                        ;
+-----------------------+-----------------------------+


+-------------------------------+
; Elapsed Time Per Partition    ;
+----------------+--------------+
; Partition Name ; Elapsed Time ;
+----------------+--------------+
; Top            ; 00:00:01     ;
+----------------+--------------+


+-------------------------------+
; Analysis & Synthesis Messages ;
+-------------------------------+
Info: *******************************************************************
Info: Running Quartus Prime Analysis & Synthesis
    Info: Version 18.1.0 Build 625 09/12/2018 SJ Lite Edition
    Info: Processing started: Fri Oct 11 17:40:05 2024
Info: Command: quartus_map --read_settings_files=on --write_settings_files=off lab3 -c lab3
Warning (18236): Number of processors has not been specified which may cause overloading on shared machines.  Set the global assignment NUM_PARALLEL_PROCESSORS in your QSF to an appropriate value for best performance.
Info (20030): Parallel compilation is enabled and will use 6 of the 6 processors detected
Info (12021): Found 1 design units, including 1 entities, in source file lab1_b.sv
    Info (12023): Found entity 1: lab1_b File: D:/AY_EEE333/lab1_b.sv Line: 1
Info (12021): Found 1 design units, including 1 entities, in source file dflip.sv
    Info (12023): Found entity 1: dflip File: D:/AY_EEE333/dflip.sv Line: 1
Info (12021): Found 1 design units, including 1 entities, in source file lab_counter.sv
    Info (12023): Found entity 1: lab_counter File: D:/AY_EEE333/lab_counter.sv Line: 1
Info (12021): Found 1 design units, including 1 entities, in source file lab3.sv
    Info (12023): Found entity 1: lab3 File: D:/AY_EEE333/lab3.sv Line: 1
Info (12127): Elaborating entity "lab3" for the top level hierarchy
Warning (10230): Verilog HDL assignment warning at lab3.sv(129): truncated value with size 32 to match size of target (4) File: D:/AY_EEE333/lab3.sv Line: 129
Warning (10230): Verilog HDL assignment warning at lab3.sv(130): truncated value with size 32 to match size of target (2) File: D:/AY_EEE333/lab3.sv Line: 130
Warning (10230): Verilog HDL assignment warning at lab3.sv(162): truncated value with size 32 to match size of target (4) File: D:/AY_EEE333/lab3.sv Line: 162
Warning (10230): Verilog HDL assignment warning at lab3.sv(163): truncated value with size 32 to match size of target (2) File: D:/AY_EEE333/lab3.sv Line: 163
Info (12128): Elaborating entity "lab_counter" for hierarchy "lab_counter:one_meg" File: D:/AY_EEE333/lab3.sv Line: 72
Warning (10230): Verilog HDL assignment warning at lab_counter.sv(40): truncated value with size 32 to match size of target (27) File: D:/AY_EEE333/lab_counter.sv Line: 40
Info (12128): Elaborating entity "dflip" for hierarchy "lab_counter:one_meg|dflip:ff1" File: D:/AY_EEE333/lab_counter.sv Line: 24
Info (12128): Elaborating entity "lab_counter" for hierarchy "lab_counter:ones" File: D:/AY_EEE333/lab3.sv Line: 96
Warning (10230): Verilog HDL assignment warning at lab_counter.sv(40): truncated value with size 32 to match size of target (4) File: D:/AY_EEE333/lab_counter.sv Line: 40
Info (12128): Elaborating entity "dflip" for hierarchy "lab_counter:ones|dflip:ff1" File: D:/AY_EEE333/lab_counter.sv Line: 24
Info (12128): Elaborating entity "lab_counter" for hierarchy "lab_counter:tens" File: D:/AY_EEE333/lab3.sv Line: 111
Warning (10230): Verilog HDL assignment warning at lab_counter.sv(40): truncated value with size 32 to match size of target (3) File: D:/AY_EEE333/lab_counter.sv Line: 40
Info (12128): Elaborating entity "dflip" for hierarchy "lab_counter:tens|dflip:ff1" File: D:/AY_EEE333/lab_counter.sv Line: 24
Info (12128): Elaborating entity "lab_counter" for hierarchy "lab_counter:hour" File: D:/AY_EEE333/lab3.sv Line: 127
Warning (10230): Verilog HDL assignment warning at lab_counter.sv(40): truncated value with size 32 to match size of target (5) File: D:/AY_EEE333/lab_counter.sv Line: 40
Info (12128): Elaborating entity "dflip" for hierarchy "lab_counter:hour|dflip:ff1" File: D:/AY_EEE333/lab_counter.sv Line: 24
Info (12128): Elaborating entity "dflip" for hierarchy "dflip:ff2" File: D:/AY_EEE333/lab3.sv Line: 170
Info (12128): Elaborating entity "lab1_b" for hierarchy "lab1_b:hex_ones" File: D:/AY_EEE333/lab3.sv Line: 211
Info (278001): Inferred 4 megafunctions from design logic
    Info (278004): Inferred divider/modulo megafunction ("lpm_divide") from the following logic: "Mod0" File: D:/AY_EEE333/lab3.sv Line: 129
    Info (278004): Inferred divider/modulo megafunction ("lpm_divide") from the following logic: "Div0" File: D:/AY_EEE333/lab3.sv Line: 130
    Info (278004): Inferred divider/modulo megafunction ("lpm_divide") from the following logic: "Div1" File: D:/AY_EEE333/lab3.sv Line: 163
    Info (278004): Inferred divider/modulo megafunction ("lpm_divide") from the following logic: "Mod1" File: D:/AY_EEE333/lab3.sv Line: 162
Info (12130): Elaborated megafunction instantiation "lpm_divide:Mod0" File: D:/AY_EEE333/lab3.sv Line: 129
Info (12133): Instantiated megafunction "lpm_divide:Mod0" with the following parameter: File: D:/AY_EEE333/lab3.sv Line: 129
    Info (12134): Parameter "LPM_WIDTHN" = "5"
    Info (12134): Parameter "LPM_WIDTHD" = "4"
    Info (12134): Parameter "LPM_NREPRESENTATION" = "UNSIGNED"
    Info (12134): Parameter "LPM_DREPRESENTATION" = "UNSIGNED"
Info (12021): Found 1 design units, including 1 entities, in source file db/lpm_divide_52m.tdf
    Info (12023): Found entity 1: lpm_divide_52m File: D:/AY_EEE333/db/lpm_divide_52m.tdf Line: 24
Info (12021): Found 1 design units, including 1 entities, in source file db/sign_div_unsign_8kh.tdf
    Info (12023): Found entity 1: sign_div_unsign_8kh File: D:/AY_EEE333/db/sign_div_unsign_8kh.tdf Line: 24
Info (12021): Found 1 design units, including 1 entities, in source file db/alt_u_div_mse.tdf
    Info (12023): Found entity 1: alt_u_div_mse File: D:/AY_EEE333/db/alt_u_div_mse.tdf Line: 22
Info (12130): Elaborated megafunction instantiation "lpm_divide:Div0" File: D:/AY_EEE333/lab3.sv Line: 130
Info (12133): Instantiated megafunction "lpm_divide:Div0" with the following parameter: File: D:/AY_EEE333/lab3.sv Line: 130
    Info (12134): Parameter "LPM_WIDTHN" = "32"
    Info (12134): Parameter "LPM_WIDTHD" = "4"
    Info (12134): Parameter "LPM_NREPRESENTATION" = "UNSIGNED"
    Info (12134): Parameter "LPM_DREPRESENTATION" = "UNSIGNED"
Info (12021): Found 1 design units, including 1 entities, in source file db/lpm_divide_ibm.tdf
    Info (12023): Found entity 1: lpm_divide_ibm File: D:/AY_EEE333/db/lpm_divide_ibm.tdf Line: 24
Info (12021): Found 1 design units, including 1 entities, in source file db/sign_div_unsign_olh.tdf
    Info (12023): Found entity 1: sign_div_unsign_olh File: D:/AY_EEE333/db/sign_div_unsign_olh.tdf Line: 24
Info (12021): Found 1 design units, including 1 entities, in source file db/alt_u_div_mve.tdf
    Info (12023): Found entity 1: alt_u_div_mve File: D:/AY_EEE333/db/alt_u_div_mve.tdf Line: 22
Warning (12241): 6 hierarchies have connectivity warnings - see the Connectivity Checks report folder
Warning (13024): Output pins are stuck at VCC or GND
    Warning (13410): Pin "HEX3[1]" is stuck at GND File: D:/AY_EEE333/lab3.sv Line: 17
Info (286030): Timing-Driven Synthesis is running
Info (16010): Generating hard_block partition "hard_block:auto_generated_inst"
    Info (16011): Adding 0 node(s), including 0 DDIO, 0 PLL, 0 transceiver and 0 LCELL
Warning (21074): Design contains 1 input pin(s) that do not drive logic
    Warning (15610): No output dependent on input pin "rst" File: D:/AY_EEE333/lab3.sv Line: 4
Info (21057): Implemented 332 device resources after synthesis - the final resource count might be different
    Info (21058): Implemented 9 input pins
    Info (21059): Implemented 30 output pins
    Info (21061): Implemented 293 logic cells
Info: Quartus Prime Analysis & Synthesis was successful. 0 errors, 15 warnings
    Info: Peak virtual memory: 4863 megabytes
    Info: Processing ended: Fri Oct 11 17:40:25 2024
    Info: Elapsed time: 00:00:20
    Info: Total CPU time (on all processors): 00:00:28


